<?xml version="1.0" encoding="UTF-8"?>
<!-- Generated by org.testng.reporters.JUnitXMLReporter -->
<testsuite hostname="Yuvaraj-PC" ignored="12" name="Test" tests="4" failures="0" timestamp="27 Aug 2017 03:10:18 GMT" time="175.434" errors="0">
  <testcase name="CLead" time="66.125" classname="testcases.TC004_EditLead"/>
  <testcase name="CLead" time="67.741" classname="testcases.TC006_DupLead"/>
  <testcase name="CLead" time="46.625" classname="testcases.TC003_CreateLead"/>
  <testcase name="CLead" time="72.128" classname="testcases.TC005_DeleteLead"/>
  <testcase name="@BeforeTest beforeTest" time="0.0" classname="wrappers.ProjectWrappers">
    <ignored/>
  </testcase> <!-- @BeforeTest beforeTest -->
  <testcase name="@BeforeTest beforeTest" time="0.0" classname="wrappers.ProjectWrappers">
    <ignored/>
  </testcase> <!-- @BeforeTest beforeTest -->
  <testcase name="@BeforeTest beforeTest" time="0.0" classname="wrappers.ProjectWrappers">
    <ignored/>
  </testcase> <!-- @BeforeTest beforeTest -->
  <testcase name="@AfterTest afterTest" time="0.0" classname="wrappers.ProjectWrappers">
    <ignored/>
  </testcase> <!-- @AfterTest afterTest -->
  <testcase name="@AfterTest afterTest" time="0.0" classname="wrappers.ProjectWrappers">
    <ignored/>
  </testcase> <!-- @AfterTest afterTest -->
  <testcase name="@AfterTest afterTest" time="0.0" classname="wrappers.ProjectWrappers">
    <ignored/>
  </testcase> <!-- @AfterTest afterTest -->
  <testcase name="@BeforeSuite beforeSuite" time="0.0" classname="wrappers.ProjectWrappers">
    <ignored/>
  </testcase> <!-- @BeforeSuite beforeSuite -->
  <testcase name="@BeforeSuite beforeSuite" time="0.0" classname="wrappers.ProjectWrappers">
    <ignored/>
  </testcase> <!-- @BeforeSuite beforeSuite -->
  <testcase name="@BeforeSuite beforeSuite" time="0.0" classname="wrappers.ProjectWrappers">
    <ignored/>
  </testcase> <!-- @BeforeSuite beforeSuite -->
  <testcase name="@AfterSuite afterSuite" time="0.0" classname="wrappers.ProjectWrappers">
    <ignored/>
  </testcase> <!-- @AfterSuite afterSuite -->
  <testcase name="@AfterSuite afterSuite" time="0.0" classname="wrappers.ProjectWrappers">
    <ignored/>
  </testcase> <!-- @AfterSuite afterSuite -->
  <testcase name="@AfterSuite afterSuite" time="0.0" classname="wrappers.ProjectWrappers">
    <ignored/>
  </testcase> <!-- @AfterSuite afterSuite -->
</testsuite> <!-- Test -->
